
2018-03-13T17:00:26: Start analysis
2018-03-13T17:00:28: [ERROR] Analysis failed
System.InvalidOperationException: Cannot obtain search paths ---> System.InvalidOperationException: Cannot obtain list of paths
Не удается найти указанный файл
   в Microsoft.PythonTools.Interpreter.PythonTypeDatabase.<GetUncachedDatabaseSearchPathsAsync>d__58.MoveNext()
--- Конец трассировка стека из предыдущего расположения, где возникло исключение ---
   в System.Runtime.CompilerServices.TaskAwaiter.ThrowForNonSuccess(Task task)
   в System.Runtime.CompilerServices.TaskAwaiter.HandleNonSuccessAndDebuggerNotification(Task task)
   в System.Runtime.CompilerServices.TaskAwaiter.ValidateEnd(Task task)
   в Microsoft.PythonTools.Analysis.PyLibAnalyzer.<Prepare>d__46.MoveNext()
   --- Конец трассировки внутреннего стека исключений ---
   в Microsoft.PythonTools.Analysis.PyLibAnalyzer.<Prepare>d__46.MoveNext()
--- Конец трассировка стека из предыдущего расположения, где возникло исключение ---
   в System.Runtime.CompilerServices.TaskAwaiter.ThrowForNonSuccess(Task task)
   в System.Runtime.CompilerServices.TaskAwaiter.HandleNonSuccessAndDebuggerNotification(Task task)
   в Microsoft.PythonTools.Analysis.PyLibAnalyzer.<RunWorker>d__34.MoveNext()
--- Конец трассировка стека из предыдущего расположения, где возникло исключение ---
   в System.Runtime.CompilerServices.TaskAwaiter.ThrowForNonSuccess(Task task)
   в System.Runtime.CompilerServices.TaskAwaiter.HandleNonSuccessAndDebuggerNotification(Task task)
   в Microsoft.PythonTools.Analysis.PyLibAnalyzer.<Run>d__33.MoveNext()

2018-03-17T12:23:54: Start analysis
2018-03-17T12:23:56: [ERROR] Analysis failed
System.InvalidOperationException: Cannot obtain search paths ---> System.InvalidOperationException: Cannot obtain list of paths
Не удается найти указанный файл
   в Microsoft.PythonTools.Interpreter.PythonTypeDatabase.<GetUncachedDatabaseSearchPathsAsync>d__58.MoveNext()
--- Конец трассировка стека из предыдущего расположения, где возникло исключение ---
   в System.Runtime.CompilerServices.TaskAwaiter.ThrowForNonSuccess(Task task)
   в System.Runtime.CompilerServices.TaskAwaiter.HandleNonSuccessAndDebuggerNotification(Task task)
   в System.Runtime.CompilerServices.TaskAwaiter.ValidateEnd(Task task)
   в Microsoft.PythonTools.Analysis.PyLibAnalyzer.<Prepare>d__46.MoveNext()
   --- Конец трассировки внутреннего стека исключений ---
   в Microsoft.PythonTools.Analysis.PyLibAnalyzer.<Prepare>d__46.MoveNext()
--- Конец трассировка стека из предыдущего расположения, где возникло исключение ---
   в System.Runtime.CompilerServices.TaskAwaiter.ThrowForNonSuccess(Task task)
   в System.Runtime.CompilerServices.TaskAwaiter.HandleNonSuccessAndDebuggerNotification(Task task)
   в Microsoft.PythonTools.Analysis.PyLibAnalyzer.<RunWorker>d__34.MoveNext()
--- Конец трассировка стека из предыдущего расположения, где возникло исключение ---
   в System.Runtime.CompilerServices.TaskAwaiter.ThrowForNonSuccess(Task task)
   в System.Runtime.CompilerServices.TaskAwaiter.HandleNonSuccessAndDebuggerNotification(Task task)
   в Microsoft.PythonTools.Analysis.PyLibAnalyzer.<Run>d__33.MoveNext()

2018-03-17T12:27:43: Start analysis
2018-03-17T12:27:45: [ERROR] Analysis failed
System.InvalidOperationException: Cannot obtain search paths ---> System.InvalidOperationException: Cannot obtain list of paths
Не удается найти указанный файл
   в Microsoft.PythonTools.Interpreter.PythonTypeDatabase.<GetUncachedDatabaseSearchPathsAsync>d__58.MoveNext()
--- Конец трассировка стека из предыдущего расположения, где возникло исключение ---
   в System.Runtime.CompilerServices.TaskAwaiter.ThrowForNonSuccess(Task task)
   в System.Runtime.CompilerServices.TaskAwaiter.HandleNonSuccessAndDebuggerNotification(Task task)
   в System.Runtime.CompilerServices.TaskAwaiter.ValidateEnd(Task task)
   в Microsoft.PythonTools.Analysis.PyLibAnalyzer.<Prepare>d__46.MoveNext()
   --- Конец трассировки внутреннего стека исключений ---
   в Microsoft.PythonTools.Analysis.PyLibAnalyzer.<Prepare>d__46.MoveNext()
--- Конец трассировка стека из предыдущего расположения, где возникло исключение ---
   в System.Runtime.CompilerServices.TaskAwaiter.ThrowForNonSuccess(Task task)
   в System.Runtime.CompilerServices.TaskAwaiter.HandleNonSuccessAndDebuggerNotification(Task task)
   в Microsoft.PythonTools.Analysis.PyLibAnalyzer.<RunWorker>d__34.MoveNext()
--- Конец трассировка стека из предыдущего расположения, где возникло исключение ---
   в System.Runtime.CompilerServices.TaskAwaiter.ThrowForNonSuccess(Task task)
   в System.Runtime.CompilerServices.TaskAwaiter.HandleNonSuccessAndDebuggerNotification(Task task)
   в Microsoft.PythonTools.Analysis.PyLibAnalyzer.<Run>d__33.MoveNext()

2018-03-20T17:09:07: Start analysis
2018-03-20T17:09:08: [ERROR] Analysis failed
System.InvalidOperationException: Cannot obtain search paths ---> System.InvalidOperationException: Cannot obtain list of paths
Не удается найти указанный файл
   в Microsoft.PythonTools.Interpreter.PythonTypeDatabase.<GetUncachedDatabaseSearchPathsAsync>d__58.MoveNext()
--- Конец трассировка стека из предыдущего расположения, где возникло исключение ---
   в System.Runtime.CompilerServices.TaskAwaiter.ThrowForNonSuccess(Task task)
   в System.Runtime.CompilerServices.TaskAwaiter.HandleNonSuccessAndDebuggerNotification(Task task)
   в System.Runtime.CompilerServices.TaskAwaiter.ValidateEnd(Task task)
   в Microsoft.PythonTools.Analysis.PyLibAnalyzer.<Prepare>d__46.MoveNext()
   --- Конец трассировки внутреннего стека исключений ---
   в Microsoft.PythonTools.Analysis.PyLibAnalyzer.<Prepare>d__46.MoveNext()
--- Конец трассировка стека из предыдущего расположения, где возникло исключение ---
   в System.Runtime.CompilerServices.TaskAwaiter.ThrowForNonSuccess(Task task)
   в System.Runtime.CompilerServices.TaskAwaiter.HandleNonSuccessAndDebuggerNotification(Task task)
   в Microsoft.PythonTools.Analysis.PyLibAnalyzer.<RunWorker>d__34.MoveNext()
--- Конец трассировка стека из предыдущего расположения, где возникло исключение ---
   в System.Runtime.CompilerServices.TaskAwaiter.ThrowForNonSuccess(Task task)
   в System.Runtime.CompilerServices.TaskAwaiter.HandleNonSuccessAndDebuggerNotification(Task task)
   в Microsoft.PythonTools.Analysis.PyLibAnalyzer.<Run>d__33.MoveNext()

2018-03-22T13:47:47: Start analysis
2018-03-22T13:47:49: [ERROR] Analysis failed
System.InvalidOperationException: Cannot obtain search paths ---> System.InvalidOperationException: Cannot obtain list of paths
Не удается найти указанный файл
   в Microsoft.PythonTools.Interpreter.PythonTypeDatabase.<GetUncachedDatabaseSearchPathsAsync>d__58.MoveNext()
--- Конец трассировка стека из предыдущего расположения, где возникло исключение ---
   в System.Runtime.CompilerServices.TaskAwaiter.ThrowForNonSuccess(Task task)
   в System.Runtime.CompilerServices.TaskAwaiter.HandleNonSuccessAndDebuggerNotification(Task task)
   в System.Runtime.CompilerServices.TaskAwaiter.ValidateEnd(Task task)
   в Microsoft.PythonTools.Analysis.PyLibAnalyzer.<Prepare>d__46.MoveNext()
   --- Конец трассировки внутреннего стека исключений ---
   в Microsoft.PythonTools.Analysis.PyLibAnalyzer.<Prepare>d__46.MoveNext()
--- Конец трассировка стека из предыдущего расположения, где возникло исключение ---
   в System.Runtime.CompilerServices.TaskAwaiter.ThrowForNonSuccess(Task task)
   в System.Runtime.CompilerServices.TaskAwaiter.HandleNonSuccessAndDebuggerNotification(Task task)
   в Microsoft.PythonTools.Analysis.PyLibAnalyzer.<RunWorker>d__34.MoveNext()
--- Конец трассировка стека из предыдущего расположения, где возникло исключение ---
   в System.Runtime.CompilerServices.TaskAwaiter.ThrowForNonSuccess(Task task)
   в System.Runtime.CompilerServices.TaskAwaiter.HandleNonSuccessAndDebuggerNotification(Task task)
   в Microsoft.PythonTools.Analysis.PyLibAnalyzer.<Run>d__33.MoveNext()

2018-03-27T17:28:12: Start analysis
2018-03-27T17:28:14: [ERROR] Analysis failed
System.InvalidOperationException: Cannot obtain search paths ---> System.InvalidOperationException: Cannot obtain list of paths
Не удается найти указанный файл
   в Microsoft.PythonTools.Interpreter.PythonTypeDatabase.<GetUncachedDatabaseSearchPathsAsync>d__58.MoveNext()
--- Конец трассировка стека из предыдущего расположения, где возникло исключение ---
   в System.Runtime.CompilerServices.TaskAwaiter.ThrowForNonSuccess(Task task)
   в System.Runtime.CompilerServices.TaskAwaiter.HandleNonSuccessAndDebuggerNotification(Task task)
   в System.Runtime.CompilerServices.TaskAwaiter.ValidateEnd(Task task)
   в Microsoft.PythonTools.Analysis.PyLibAnalyzer.<Prepare>d__46.MoveNext()
   --- Конец трассировки внутреннего стека исключений ---
   в Microsoft.PythonTools.Analysis.PyLibAnalyzer.<Prepare>d__46.MoveNext()
--- Конец трассировка стека из предыдущего расположения, где возникло исключение ---
   в System.Runtime.CompilerServices.TaskAwaiter.ThrowForNonSuccess(Task task)
   в System.Runtime.CompilerServices.TaskAwaiter.HandleNonSuccessAndDebuggerNotification(Task task)
   в Microsoft.PythonTools.Analysis.PyLibAnalyzer.<RunWorker>d__34.MoveNext()
--- Конец трассировка стека из предыдущего расположения, где возникло исключение ---
   в System.Runtime.CompilerServices.TaskAwaiter.ThrowForNonSuccess(Task task)
   в System.Runtime.CompilerServices.TaskAwaiter.HandleNonSuccessAndDebuggerNotification(Task task)
   в Microsoft.PythonTools.Analysis.PyLibAnalyzer.<Run>d__33.MoveNext()

2018-03-27T18:44:18: Start analysis
2018-03-27T18:44:20: [ERROR] Analysis failed
System.InvalidOperationException: Cannot obtain search paths ---> System.InvalidOperationException: Cannot obtain list of paths
Не удается найти указанный файл
   в Microsoft.PythonTools.Interpreter.PythonTypeDatabase.<GetUncachedDatabaseSearchPathsAsync>d__58.MoveNext()
--- Конец трассировка стека из предыдущего расположения, где возникло исключение ---
   в System.Runtime.CompilerServices.TaskAwaiter.ThrowForNonSuccess(Task task)
   в System.Runtime.CompilerServices.TaskAwaiter.HandleNonSuccessAndDebuggerNotification(Task task)
   в System.Runtime.CompilerServices.TaskAwaiter.ValidateEnd(Task task)
   в Microsoft.PythonTools.Analysis.PyLibAnalyzer.<Prepare>d__46.MoveNext()
   --- Конец трассировки внутреннего стека исключений ---
   в Microsoft.PythonTools.Analysis.PyLibAnalyzer.<Prepare>d__46.MoveNext()
--- Конец трассировка стека из предыдущего расположения, где возникло исключение ---
   в System.Runtime.CompilerServices.TaskAwaiter.ThrowForNonSuccess(Task task)
   в System.Runtime.CompilerServices.TaskAwaiter.HandleNonSuccessAndDebuggerNotification(Task task)
   в Microsoft.PythonTools.Analysis.PyLibAnalyzer.<RunWorker>d__34.MoveNext()
--- Конец трассировка стека из предыдущего расположения, где возникло исключение ---
   в System.Runtime.CompilerServices.TaskAwaiter.ThrowForNonSuccess(Task task)
   в System.Runtime.CompilerServices.TaskAwaiter.HandleNonSuccessAndDebuggerNotification(Task task)
   в Microsoft.PythonTools.Analysis.PyLibAnalyzer.<Run>d__33.MoveNext()

2018-03-29T10:27:53: Start analysis
2018-03-29T10:27:55: [ERROR] Analysis failed
System.InvalidOperationException: Cannot obtain search paths ---> System.InvalidOperationException: Cannot obtain list of paths
Не удается найти указанный файл
   в Microsoft.PythonTools.Interpreter.PythonTypeDatabase.<GetUncachedDatabaseSearchPathsAsync>d__58.MoveNext()
--- Конец трассировка стека из предыдущего расположения, где возникло исключение ---
   в System.Runtime.CompilerServices.TaskAwaiter.ThrowForNonSuccess(Task task)
   в System.Runtime.CompilerServices.TaskAwaiter.HandleNonSuccessAndDebuggerNotification(Task task)
   в System.Runtime.CompilerServices.TaskAwaiter.ValidateEnd(Task task)
   в Microsoft.PythonTools.Analysis.PyLibAnalyzer.<Prepare>d__46.MoveNext()
   --- Конец трассировки внутреннего стека исключений ---
   в Microsoft.PythonTools.Analysis.PyLibAnalyzer.<Prepare>d__46.MoveNext()
--- Конец трассировка стека из предыдущего расположения, где возникло исключение ---
   в System.Runtime.CompilerServices.TaskAwaiter.ThrowForNonSuccess(Task task)
   в System.Runtime.CompilerServices.TaskAwaiter.HandleNonSuccessAndDebuggerNotification(Task task)
   в Microsoft.PythonTools.Analysis.PyLibAnalyzer.<RunWorker>d__34.MoveNext()
--- Конец трассировка стека из предыдущего расположения, где возникло исключение ---
   в System.Runtime.CompilerServices.TaskAwaiter.ThrowForNonSuccess(Task task)
   в System.Runtime.CompilerServices.TaskAwaiter.HandleNonSuccessAndDebuggerNotification(Task task)
   в Microsoft.PythonTools.Analysis.PyLibAnalyzer.<Run>d__33.MoveNext()

2018-03-31T12:23:38: Start analysis
2018-03-31T12:23:40: [ERROR] Analysis failed
System.InvalidOperationException: Cannot obtain search paths ---> System.InvalidOperationException: Cannot obtain list of paths
Не удается найти указанный файл
   в Microsoft.PythonTools.Interpreter.PythonTypeDatabase.<GetUncachedDatabaseSearchPathsAsync>d__58.MoveNext()
--- Конец трассировка стека из предыдущего расположения, где возникло исключение ---
   в System.Runtime.CompilerServices.TaskAwaiter.ThrowForNonSuccess(Task task)
   в System.Runtime.CompilerServices.TaskAwaiter.HandleNonSuccessAndDebuggerNotification(Task task)
   в System.Runtime.CompilerServices.TaskAwaiter.ValidateEnd(Task task)
   в Microsoft.PythonTools.Analysis.PyLibAnalyzer.<Prepare>d__46.MoveNext()
   --- Конец трассировки внутреннего стека исключений ---
   в Microsoft.PythonTools.Analysis.PyLibAnalyzer.<Prepare>d__46.MoveNext()
--- Конец трассировка стека из предыдущего расположения, где возникло исключение ---
   в System.Runtime.CompilerServices.TaskAwaiter.ThrowForNonSuccess(Task task)
   в System.Runtime.CompilerServices.TaskAwaiter.HandleNonSuccessAndDebuggerNotification(Task task)
   в Microsoft.PythonTools.Analysis.PyLibAnalyzer.<RunWorker>d__34.MoveNext()
--- Конец трассировка стека из предыдущего расположения, где возникло исключение ---
   в System.Runtime.CompilerServices.TaskAwaiter.ThrowForNonSuccess(Task task)
   в System.Runtime.CompilerServices.TaskAwaiter.HandleNonSuccessAndDebuggerNotification(Task task)
   в Microsoft.PythonTools.Analysis.PyLibAnalyzer.<Run>d__33.MoveNext()

2018-03-31T13:22:42: Start analysis
2018-03-31T13:22:44: [ERROR] Analysis failed
System.InvalidOperationException: Cannot obtain search paths ---> System.InvalidOperationException: Cannot obtain list of paths
Не удается найти указанный файл
   в Microsoft.PythonTools.Interpreter.PythonTypeDatabase.<GetUncachedDatabaseSearchPathsAsync>d__58.MoveNext()
--- Конец трассировка стека из предыдущего расположения, где возникло исключение ---
   в System.Runtime.CompilerServices.TaskAwaiter.ThrowForNonSuccess(Task task)
   в System.Runtime.CompilerServices.TaskAwaiter.HandleNonSuccessAndDebuggerNotification(Task task)
   в System.Runtime.CompilerServices.TaskAwaiter.ValidateEnd(Task task)
   в Microsoft.PythonTools.Analysis.PyLibAnalyzer.<Prepare>d__46.MoveNext()
   --- Конец трассировки внутреннего стека исключений ---
   в Microsoft.PythonTools.Analysis.PyLibAnalyzer.<Prepare>d__46.MoveNext()
--- Конец трассировка стека из предыдущего расположения, где возникло исключение ---
   в System.Runtime.CompilerServices.TaskAwaiter.ThrowForNonSuccess(Task task)
   в System.Runtime.CompilerServices.TaskAwaiter.HandleNonSuccessAndDebuggerNotification(Task task)
   в Microsoft.PythonTools.Analysis.PyLibAnalyzer.<RunWorker>d__34.MoveNext()
--- Конец трассировка стека из предыдущего расположения, где возникло исключение ---
   в System.Runtime.CompilerServices.TaskAwaiter.ThrowForNonSuccess(Task task)
   в System.Runtime.CompilerServices.TaskAwaiter.HandleNonSuccessAndDebuggerNotification(Task task)
   в Microsoft.PythonTools.Analysis.PyLibAnalyzer.<Run>d__33.MoveNext()

2018-04-07T11:49:14: Start analysis
2018-04-07T11:49:15: IncludeModulesFromModulePath = win32com
2018-04-07T11:49:20: Deleting 0 files
